2024-08-08 00:15:29,012 CRIT Supervisor is running as root.  Privileges were not dropped because no user is specified in the config file.  If you intend to run as root, you can set user=root in the config file to avoid this message.
2024-08-08 00:15:29,012 INFO Included extra file "/tmp/appsmith/supervisor-conf.d/backend.conf" during parsing
2024-08-08 00:15:29,012 INFO Included extra file "/tmp/appsmith/supervisor-conf.d/editor.conf" during parsing
2024-08-08 00:15:29,012 INFO Included extra file "/tmp/appsmith/supervisor-conf.d/mongodb.conf" during parsing
2024-08-08 00:15:29,013 INFO Included extra file "/tmp/appsmith/supervisor-conf.d/postgres.conf" during parsing
2024-08-08 00:15:29,013 INFO Included extra file "/tmp/appsmith/supervisor-conf.d/redis.conf" during parsing
2024-08-08 00:15:29,013 INFO Included extra file "/tmp/appsmith/supervisor-conf.d/rts.conf" during parsing
2024-08-08 00:15:29,015 INFO RPC interface 'supervisor' initialized
2024-08-08 00:15:29,015 INFO RPC interface 'supervisor' initialized
2024-08-08 00:15:29,015 CRIT Server 'unix_http_server' running without any HTTP authentication checking
2024-08-08 00:15:29,016 INFO supervisord started with pid 1
2024-08-08 00:15:30,020 INFO spawned: 'stdout' with pid 1815
2024-08-08 00:15:30,022 INFO spawned: 'redis' with pid 1816
2024-08-08 00:15:30,023 INFO spawned: 'mongodb' with pid 1817
2024-08-08 00:15:30,024 INFO spawned: 'rts' with pid 1818
2024-08-08 00:15:30,026 INFO spawned: 'backend' with pid 1819
2024-08-08 00:15:30,027 INFO spawned: 'editor' with pid 1823
2024-08-08 00:15:30,028 INFO spawned: 'postgres' with pid 1826
2024-08-08 00:15:30,030 INFO success: redis entered RUNNING state, process has stayed up for > than 0 seconds (startsecs)
2024-08-08 00:15:30,030 INFO success: rts entered RUNNING state, process has stayed up for > than 0 seconds (startsecs)
2024-08-08 00:15:30,030 INFO success: editor entered RUNNING state, process has stayed up for > than 0 seconds (startsecs)
2024-08-08 00:15:30,142 INFO reaped unknown pid 101
2024-08-08 00:15:31,055 INFO success: stdout entered RUNNING state, process has stayed up for > than 1 seconds (startsecs)
2024-08-08 00:15:31,055 INFO success: postgres entered RUNNING state, process has stayed up for > than 1 seconds (startsecs)
2024-08-08 00:15:31,547 INFO reaped unknown pid 135
2024-08-08 00:15:40,122 INFO success: mongodb entered RUNNING state, process has stayed up for > than 10 seconds (startsecs)
2024-08-08 00:15:50,124 INFO success: backend entered RUNNING state, process has stayed up for > than 20 seconds (startsecs)
2024-08-09 01:13:57,724 CRIT Supervisor is running as root.  Privileges were not dropped because no user is specified in the config file.  If you intend to run as root, you can set user=root in the config file to avoid this message.
2024-08-09 01:13:57,724 INFO Included extra file "/tmp/appsmith/supervisor-conf.d/backend.conf" during parsing
2024-08-09 01:13:57,724 INFO Included extra file "/tmp/appsmith/supervisor-conf.d/editor.conf" during parsing
2024-08-09 01:13:57,724 INFO Included extra file "/tmp/appsmith/supervisor-conf.d/mongodb.conf" during parsing
2024-08-09 01:13:57,724 INFO Included extra file "/tmp/appsmith/supervisor-conf.d/postgres.conf" during parsing
2024-08-09 01:13:57,724 INFO Included extra file "/tmp/appsmith/supervisor-conf.d/redis.conf" during parsing
2024-08-09 01:13:57,725 INFO Included extra file "/tmp/appsmith/supervisor-conf.d/rts.conf" during parsing
2024-08-09 01:13:57,728 INFO RPC interface 'supervisor' initialized
2024-08-09 01:13:57,728 INFO RPC interface 'supervisor' initialized
2024-08-09 01:13:57,729 CRIT Server 'unix_http_server' running without any HTTP authentication checking
2024-08-09 01:13:57,729 INFO supervisord started with pid 1
2024-08-09 01:13:58,112 INFO spawned: 'stdout' with pid 1573
2024-08-09 01:13:58,113 INFO spawned: 'redis' with pid 1574
2024-08-09 01:13:58,114 INFO spawned: 'mongodb' with pid 1575
2024-08-09 01:13:58,116 INFO spawned: 'rts' with pid 1576
2024-08-09 01:13:58,118 INFO spawned: 'backend' with pid 1577
2024-08-09 01:13:58,120 INFO spawned: 'editor' with pid 1583
2024-08-09 01:13:58,121 INFO spawned: 'postgres' with pid 1587
2024-08-09 01:13:58,126 INFO success: redis entered RUNNING state, process has stayed up for > than 0 seconds (startsecs)
2024-08-09 01:13:58,127 INFO success: rts entered RUNNING state, process has stayed up for > than 0 seconds (startsecs)
2024-08-09 01:13:58,127 INFO success: editor entered RUNNING state, process has stayed up for > than 0 seconds (startsecs)
2024-08-09 01:13:58,139 INFO exited: postgres (exit status 1; not expected)
2024-08-09 01:13:58,249 INFO reaped unknown pid 88
2024-08-09 01:13:59,148 INFO success: stdout entered RUNNING state, process has stayed up for > than 1 seconds (startsecs)
2024-08-09 01:13:59,149 INFO spawned: 'postgres' with pid 1757
2024-08-09 01:13:59,159 INFO exited: postgres (exit status 1; not expected)
2024-08-09 01:13:59,673 INFO reaped unknown pid 122
2024-08-09 01:14:01,198 INFO spawned: 'postgres' with pid 1817
2024-08-09 01:14:01,206 INFO exited: postgres (exit status 1; not expected)
2024-08-09 01:14:04,248 INFO spawned: 'postgres' with pid 1887
2024-08-09 01:14:04,260 INFO exited: postgres (exit status 1; not expected)
2024-08-09 01:14:04,284 INFO gave up: postgres entered FATAL state, too many start retries too quickly
2024-08-09 01:14:08,425 INFO success: mongodb entered RUNNING state, process has stayed up for > than 10 seconds (startsecs)
2024-08-09 01:14:18,798 INFO success: backend entered RUNNING state, process has stayed up for > than 20 seconds (startsecs)
2024-08-09 19:26:03,598 INFO reaped unknown pid 24521
